<?xml version="1.0" encoding="UTF-8"?>
<!-- Generated by org.testng.reporters.JUnitReportReporter -->
<testsuite hostname="Pavithran-G15" failures="0" tests="13" name="com.skcet.AppTest" time="1.817" errors="1" timestamp="2024-04-25T23:59:01 IST" skipped="12">
  <testcase classname="com.skcet.AppTest" name="setStartDate" time="0.000">
    <skipped/>
  </testcase> <!-- setStartDate -->
  <testcase classname="com.skcet.AppTest" name="selectAxisFund" time="0.000">
    <skipped/>
  </testcase> <!-- selectAxisFund -->
  <testcase classname="com.skcet.AppTest" name="setEndDate" time="0.000">
    <skipped/>
  </testcase> <!-- setEndDate -->
  <testcase classname="com.skcet.AppTest" name="calculateMutualFund" time="0.000">
    <skipped/>
  </testcase> <!-- calculateMutualFund -->
  <testcase classname="com.skcet.AppTest" name="searchForReliance" time="0.000">
    <skipped/>
  </testcase> <!-- searchForReliance -->
  <testcase classname="com.skcet.AppTest" name="setAmount" time="0.000">
    <skipped/>
  </testcase> <!-- setAmount -->
  <testcase classname="com.skcet.AppTest" name="openMoneyControl" time="0.000">
    <skipped/>
  </testcase> <!-- openMoneyControl -->
  <testcase classname="com.skcet.AppTest" name="navigateToSIPReturns" time="0.000">
    <skipped/>
  </testcase> <!-- navigateToSIPReturns -->
  <testcase classname="com.skcet.AppTest" name="setup" time="1.817">
    <error message="org/apache/logging/log4j/util/Lazy" type="java.lang.NoClassDefFoundError">
      <![CDATA[java.lang.NoClassDefFoundError: org/apache/logging/log4j/util/Lazy
at org.apache.logging.log4j.core.selector.ClassLoaderContextSelector.<init>(ClassLoaderContextSelector.java:55)
at org.apache.logging.log4j.core.impl.Log4jContextFactory.createContextSelector(Log4jContextFactory.java:108)
at org.apache.logging.log4j.core.impl.Log4jContextFactory.<init>(Log4jContextFactory.java:60)
at java.base/jdk.internal.reflect.NativeConstructorAccessorImpl.newInstance0(Native Method)
at java.base/jdk.internal.reflect.NativeConstructorAccessorImpl.newInstance(NativeConstructorAccessorImpl.java:77)
at java.base/jdk.internal.reflect.DelegatingConstructorAccessorImpl.newInstance(DelegatingConstructorAccessorImpl.java:45)
at java.base/java.lang.reflect.Constructor.newInstanceWithCaller(Constructor.java:499)
at java.base/java.lang.reflect.ReflectAccess.newInstance(ReflectAccess.java:128)
at java.base/jdk.internal.reflect.ReflectionFactory.newInstance(ReflectionFactory.java:347)
at java.base/java.lang.Class.newInstance(Class.java:645)
at org.apache.logging.log4j.LogManager.<clinit>(LogManager.java:95)
at com.skcet.AppTest.setup(AppTest.java:38)
at java.base/jdk.internal.reflect.NativeMethodAccessorImpl.invoke0(Native Method)
at java.base/jdk.internal.reflect.NativeMethodAccessorImpl.invoke(NativeMethodAccessorImpl.java:77)
at java.base/jdk.internal.reflect.DelegatingMethodAccessorImpl.invoke(DelegatingMethodAccessorImpl.java:43)
at java.base/java.lang.reflect.Method.invoke(Method.java:568)
at org.testng.internal.invokers.MethodInvocationHelper.invokeMethod(MethodInvocationHelper.java:141)
at org.testng.internal.invokers.MethodInvocationHelper.invokeMethodConsideringTimeout(MethodInvocationHelper.java:71)
at org.testng.internal.invokers.ConfigInvoker.invokeConfigurationMethod(ConfigInvoker.java:400)
at org.testng.internal.invokers.ConfigInvoker.invokeConfigurations(ConfigInvoker.java:333)
at org.testng.TestRunner.invokeTestConfigurations(TestRunner.java:655)
at org.testng.TestRunner.beforeRun(TestRunner.java:644)
at org.testng.TestRunner.run(TestRunner.java:610)
at org.testng.SuiteRunner.runTest(SuiteRunner.java:421)
at org.testng.SuiteRunner.runSequentially(SuiteRunner.java:413)
at org.testng.SuiteRunner.privateRun(SuiteRunner.java:373)
at org.testng.SuiteRunner.run(SuiteRunner.java:312)
at org.testng.SuiteRunnerWorker.runSuite(SuiteRunnerWorker.java:52)
at org.testng.SuiteRunnerWorker.run(SuiteRunnerWorker.java:95)
at org.testng.TestNG.runSuitesSequentially(TestNG.java:1274)
at org.testng.TestNG.runSuitesLocally(TestNG.java:1208)
at org.testng.TestNG.runSuites(TestNG.java:1112)
at org.testng.TestNG.run(TestNG.java:1079)
at org.apache.maven.surefire.testng.TestNGExecutor.run(TestNGExecutor.java:135)
at org.apache.maven.surefire.testng.TestNGDirectoryTestSuite.executeSingleClass(TestNGDirectoryTestSuite.java:112)
at org.apache.maven.surefire.testng.TestNGDirectoryTestSuite.execute(TestNGDirectoryTestSuite.java:99)
at org.apache.maven.surefire.testng.TestNGProvider.invoke(TestNGProvider.java:146)
at org.apache.maven.surefire.booter.ForkedBooter.invokeProviderInSameClassLoader(ForkedBooter.java:384)
at org.apache.maven.surefire.booter.ForkedBooter.runSuitesInProcess(ForkedBooter.java:345)
at org.apache.maven.surefire.booter.ForkedBooter.execute(ForkedBooter.java:126)
at org.apache.maven.surefire.booter.ForkedBooter.main(ForkedBooter.java:418)
Caused by: java.lang.ClassNotFoundException: org.apache.logging.log4j.util.Lazy
at java.base/jdk.internal.loader.BuiltinClassLoader.loadClass(BuiltinClassLoader.java:641)
at java.base/jdk.internal.loader.ClassLoaders$AppClassLoader.loadClass(ClassLoaders.java:188)
at java.base/java.lang.ClassLoader.loadClass(ClassLoader.java:520)
... 41 more
]]>
    </error>
  </testcase> <!-- setup -->
  <testcase classname="com.skcet.AppTest" name="clickRelianceIndustries" time="0.000">
    <skipped/>
  </testcase> <!-- clickRelianceIndustries -->
  <testcase classname="com.skcet.AppTest" name="hoverMutualFunds" time="0.000">
    <skipped/>
  </testcase> <!-- hoverMutualFunds -->
  <testcase classname="com.skcet.AppTest" name="selectScheme" time="0.000">
    <skipped/>
  </testcase> <!-- selectScheme -->
  <testcase classname="com.skcet.AppTest" name="checkThePresenceOfReliance" time="0.000">
    <skipped/>
  </testcase> <!-- checkThePresenceOfReliance -->
</testsuite> <!-- com.skcet.AppTest -->
